# JRE version: Java(TM) SE Runtime Environment (17.0.12+8) (build 17.0.12+8-LTS-286)
# Java VM: Java HotSpot(TM) 64-Bit Server VM (17.0.12+8-LTS-286, mixed mode, sharing, tiered, compressed oops, compressed class ptrs, g1 gc, windows-amd64)
GC Precious Log:
 CPUs: 16 total, 16 available
 Memory: 7893M
 Large Page Support: Disabled
 NUMA Support: Disabled
 Compressed Oops: Enabled (32-bit)
 Heap Region Size: 1M
 Heap Min Capacity: 8M
 Heap Initial Capacity: 124M
 Heap Max Capacity: 1974M
 Pre-touch: Disabled
 Parallel Workers: 13
 Concurrent Workers: 3
 Concurrent Refinement Workers: 13
 Periodic GC: Disabled
Heap:
 garbage-first heap   total 156672K, used 47104K [0x0000000084a00000, 0x0000000100000000)
  region size 1024K, 4 young (4096K), 4 survivors (4096K)
 Metaspace       used 27167K, committed 27520K, reserved 1114112K
  class space    used 3073K, committed 3200K, reserved 1048576K
GC Heap History (17 events):
Event: 0.582 GC heap before
{Heap before GC invocations=0 (full 0):
 garbage-first heap   total 126976K, used 22528K [0x0000000084a00000, 0x0000000100000000)
  region size 1024K, 23 young (23552K), 0 survivors (0K)
 Metaspace       used 5422K, committed 5632K, reserved 1114112K
  class space    used 646K, committed 768K, reserved 1048576K
}
Event: 0.590 GC heap after
{Heap after GC invocations=1 (full 0):
 garbage-first heap   total 126976K, used 3868K [0x0000000084a00000, 0x0000000100000000)
  region size 1024K, 3 young (3072K), 3 survivors (3072K)
 Metaspace       used 5422K, committed 5632K, reserved 1114112K
  class space    used 646K, committed 768K, reserved 1048576K
}
Event: 0.957 GC heap before
{Heap before GC invocations=1 (full 0):
 garbage-first heap   total 126976K, used 35612K [0x0000000084a00000, 0x0000000100000000)
  region size 1024K, 34 young (34816K), 3 survivors (3072K)
 Metaspace       used 9091K, committed 9216K, reserved 1114112K
  class space    used 1086K, committed 1152K, reserved 1048576K
}
Event: 0.962 GC heap after
{Heap after GC invocations=2 (full 0):
 garbage-first heap   total 126976K, used 5221K [0x0000000084a00000, 0x0000000100000000)
  region size 1024K, 2 young (2048K), 2 survivors (2048K)
 Metaspace       used 9091K, committed 9216K, reserved 1114112K
  class space    used 1086K, committed 1152K, reserved 1048576K
}
Event: 2.132 GC heap before
{Heap before GC invocations=2 (full 0):
 garbage-first heap   total 126976K, used 78949K [0x0000000084a00000, 0x0000000100000000)
  region size 1024K, 74 young (75776K), 2 survivors (2048K)
 Metaspace       used 15667K, committed 15808K, reserved 1114112K
  class space    used 1853K, committed 1920K, reserved 1048576K
}
Event: 2.145 GC heap after
{Heap after GC invocations=3 (full 0):
 garbage-first heap   total 126976K, used 13392K [0x0000000084a00000, 0x0000000100000000)
  region size 1024K, 10 young (10240K), 10 survivors (10240K)
 Metaspace       used 15667K, committed 15808K, reserved 1114112K
  class space    used 1853K, committed 1920K, reserved 1048576K
}
Event: 2.643 GC heap before
{Heap before GC invocations=3 (full 0):
 garbage-first heap   total 126976K, used 78928K [0x0000000084a00000, 0x0000000100000000)
  region size 1024K, 74 young (75776K), 10 survivors (10240K)
 Metaspace       used 16347K, committed 16640K, reserved 1114112K
  class space    used 1862K, committed 1984K, reserved 1048576K
}
Event: 2.660 GC heap after
{Heap after GC invocations=4 (full 0):
 garbage-first heap   total 126976K, used 15797K [0x0000000084a00000, 0x0000000100000000)
  region size 1024K, 3 young (3072K), 3 survivors (3072K)
 Metaspace       used 16347K, committed 16640K, reserved 1114112K
  class space    used 1862K, committed 1984K, reserved 1048576K
}
Event: 3.552 GC heap before
{Heap before GC invocations=4 (full 0):
 garbage-first heap   total 126976K, used 112053K [0x0000000084a00000, 0x0000000100000000)
  region size 1024K, 66 young (67584K), 3 survivors (3072K)
 Metaspace       used 17813K, committed 18112K, reserved 1114112K
  class space    used 2019K, committed 2176K, reserved 1048576K
}
Event: 3.564 GC heap after
{Heap after GC invocations=5 (full 0):
 garbage-first heap   total 152576K, used 19072K [0x0000000084a00000, 0x0000000100000000)
  region size 1024K, 6 young (6144K), 6 survivors (6144K)
 Metaspace       used 17813K, committed 18112K, reserved 1114112K
  class space    used 2019K, committed 2176K, reserved 1048576K
}
Event: 4.050 GC heap before
{Heap before GC invocations=5 (full 0):
 garbage-first heap   total 152576K, used 48768K [0x0000000084a00000, 0x0000000100000000)
  region size 1024K, 32 young (32768K), 6 survivors (6144K)
 Metaspace       used 21219K, committed 21504K, reserved 1114112K
  class space    used 2426K, committed 2560K, reserved 1048576K
}
Event: 4.064 GC heap after
{Heap after GC invocations=6 (full 0):
 garbage-first heap   total 152576K, used 26877K [0x0000000084a00000, 0x0000000100000000)
  region size 1024K, 10 young (10240K), 10 survivors (10240K)
 Metaspace       used 21219K, committed 21504K, reserved 1114112K
  class space    used 2426K, committed 2560K, reserved 1048576K
}
Event: 4.605 GC heap before
{Heap before GC invocations=7 (full 0):
 garbage-first heap   total 96256K, used 75005K [0x0000000084a00000, 0x0000000100000000)
  region size 1024K, 56 young (57344K), 10 survivors (10240K)
 Metaspace       used 26267K, committed 26560K, reserved 1114112K
  class space    used 2994K, committed 3136K, reserved 1048576K
}
Event: 4.627 GC heap after
{Heap after GC invocations=8 (full 0):
 garbage-first heap   total 100352K, used 40554K [0x0000000084a00000, 0x0000000100000000)
  region size 1024K, 7 young (7168K), 7 survivors (7168K)
 Metaspace       used 26267K, committed 26560K, reserved 1114112K
  class space    used 2994K, committed 3136K, reserved 1048576K
}
Event: 4.640 GC heap before
{Heap before GC invocations=8 (full 0):
 garbage-first heap   total 100352K, used 41578K [0x0000000084a00000, 0x0000000100000000)
  region size 1024K, 8 young (8192K), 7 survivors (7168K)
 Metaspace       used 26267K, committed 26560K, reserved 1114112K
  class space    used 2994K, committed 3136K, reserved 1048576K
}
Event: 4.652 GC heap after
{Heap after GC invocations=9 (full 0):
 garbage-first heap   total 100352K, used 41472K [0x0000000084a00000, 0x0000000100000000)
  region size 1024K, 1 young (1024K), 1 survivors (1024K)
 Metaspace       used 26267K, committed 26560K, reserved 1114112K
  class space    used 2994K, committed 3136K, reserved 1048576K
}
Event: 4.879 GC heap before
{Heap before GC invocations=9 (full 0):
 garbage-first heap   total 100352K, used 71168K [0x0000000084a00000, 0x0000000100000000)
  region size 1024K, 30 young (30720K), 1 survivors (1024K)
 Metaspace       used 27167K, committed 27520K, reserved 1114112K
  class space    used 3073K, committed 3200K, reserved 1048576K
}

