# JRE version: Java(TM) SE Runtime Environment (17.0.12+8) (build 17.0.12+8-LTS-286)
# Java VM: Java HotSpot(TM) 64-Bit Server VM (17.0.12+8-LTS-286, mixed mode, sharing, tiered, compressed oops, compressed class ptrs, g1 gc, windows-amd64)
GC Precious Log:
 CPUs: 16 total, 16 available
 Memory: 7893M
 Large Page Support: Disabled
 NUMA Support: Disabled
 Compressed Oops: Enabled (32-bit)
 Heap Region Size: 1M
 Heap Min Capacity: 8M
 Heap Initial Capacity: 124M
 Heap Max Capacity: 1974M
 Pre-touch: Disabled
 Parallel Workers: 13
 Concurrent Workers: 3
 Concurrent Refinement Workers: 13
 Periodic GC: Disabled
Heap:
 garbage-first heap   total 152576K, used 20063K [0x0000000084a00000, 0x0000000100000000)
  region size 1024K, 1 young (1024K), 1 survivors (1024K)
 Metaspace       used 20219K, committed 20480K, reserved 1114112K
  class space    used 2295K, committed 2432K, reserved 1048576K
GC Heap History (17 events):
Event: 0.449 GC heap before
{Heap before GC invocations=0 (full 0):
 garbage-first heap   total 126976K, used 22528K [0x0000000084a00000, 0x0000000100000000)
  region size 1024K, 23 young (23552K), 0 survivors (0K)
 Metaspace       used 5402K, committed 5632K, reserved 1114112K
  class space    used 642K, committed 768K, reserved 1048576K
}
Event: 0.454 GC heap after
{Heap after GC invocations=1 (full 0):
 garbage-first heap   total 126976K, used 3800K [0x0000000084a00000, 0x0000000100000000)
  region size 1024K, 3 young (3072K), 3 survivors (3072K)
 Metaspace       used 5402K, committed 5632K, reserved 1114112K
  class space    used 642K, committed 768K, reserved 1048576K
}
Event: 0.706 GC heap before
{Heap before GC invocations=1 (full 0):
 garbage-first heap   total 126976K, used 35544K [0x0000000084a00000, 0x0000000100000000)
  region size 1024K, 34 young (34816K), 3 survivors (3072K)
 Metaspace       used 8877K, committed 9024K, reserved 1114112K
  class space    used 1058K, committed 1152K, reserved 1048576K
}
Event: 0.711 GC heap after
{Heap after GC invocations=2 (full 0):
 garbage-first heap   total 126976K, used 5193K [0x0000000084a00000, 0x0000000100000000)
  region size 1024K, 2 young (2048K), 2 survivors (2048K)
 Metaspace       used 8877K, committed 9024K, reserved 1114112K
  class space    used 1058K, committed 1152K, reserved 1048576K
}
Event: 1.587 GC heap before
{Heap before GC invocations=2 (full 0):
 garbage-first heap   total 126976K, used 78921K [0x0000000084a00000, 0x0000000100000000)
  region size 1024K, 74 young (75776K), 2 survivors (2048K)
 Metaspace       used 15650K, committed 15808K, reserved 1114112K
  class space    used 1852K, committed 1920K, reserved 1048576K
}
Event: 1.599 GC heap after
{Heap after GC invocations=3 (full 0):
 garbage-first heap   total 126976K, used 13597K [0x0000000084a00000, 0x0000000100000000)
  region size 1024K, 10 young (10240K), 10 survivors (10240K)
 Metaspace       used 15650K, committed 15808K, reserved 1114112K
  class space    used 1852K, committed 1920K, reserved 1048576K
}
Event: 2.001 GC heap before
{Heap before GC invocations=3 (full 0):
 garbage-first heap   total 126976K, used 79133K [0x0000000084a00000, 0x0000000100000000)
  region size 1024K, 74 young (75776K), 10 survivors (10240K)
 Metaspace       used 16324K, committed 16512K, reserved 1114112K
  class space    used 1862K, committed 1984K, reserved 1048576K
}
Event: 2.013 GC heap after
{Heap after GC invocations=4 (full 0):
 garbage-first heap   total 126976K, used 16485K [0x0000000084a00000, 0x0000000100000000)
  region size 1024K, 3 young (3072K), 3 survivors (3072K)
 Metaspace       used 16324K, committed 16512K, reserved 1114112K
  class space    used 1862K, committed 1984K, reserved 1048576K
}
Event: 2.630 GC heap before
{Heap before GC invocations=4 (full 0):
 garbage-first heap   total 126976K, used 111717K [0x0000000084a00000, 0x0000000100000000)
  region size 1024K, 65 young (66560K), 3 survivors (3072K)
 Metaspace       used 17794K, committed 18112K, reserved 1114112K
  class space    used 2018K, committed 2176K, reserved 1048576K
}
Event: 3.785 GC heap after
{Heap after GC invocations=5 (full 0):
 garbage-first heap   total 152576K, used 19277K [0x0000000084a00000, 0x0000000100000000)
  region size 1024K, 6 young (6144K), 6 survivors (6144K)
 Metaspace       used 17794K, committed 18112K, reserved 1114112K
  class space    used 2018K, committed 2176K, reserved 1048576K
}
Event: 3.798 GC heap before
{Heap before GC invocations=5 (full 0):
 garbage-first heap   total 152576K, used 20301K [0x0000000084a00000, 0x0000000100000000)
  region size 1024K, 7 young (7168K), 6 survivors (6144K)
 Metaspace       used 17796K, committed 18112K, reserved 1114112K
  class space    used 2018K, committed 2176K, reserved 1048576K
}
Event: 3.801 GC heap after
{Heap after GC invocations=6 (full 0):
 garbage-first heap   total 152576K, used 19783K [0x0000000084a00000, 0x0000000100000000)
  region size 1024K, 1 young (1024K), 1 survivors (1024K)
 Metaspace       used 17796K, committed 18112K, reserved 1114112K
  class space    used 2018K, committed 2176K, reserved 1048576K
}
Event: 3.860 GC heap before
{Heap before GC invocations=6 (full 0):
 garbage-first heap   total 152576K, used 25927K [0x0000000084a00000, 0x0000000100000000)
  region size 1024K, 7 young (7168K), 1 survivors (1024K)
 Metaspace       used 18167K, committed 18432K, reserved 1114112K
  class space    used 2052K, committed 2176K, reserved 1048576K
}
Event: 3.861 GC heap after
{Heap after GC invocations=7 (full 0):
 garbage-first heap   total 152576K, used 19393K [0x0000000084a00000, 0x0000000100000000)
  region size 1024K, 1 young (1024K), 1 survivors (1024K)
 Metaspace       used 18167K, committed 18432K, reserved 1114112K
  class space    used 2052K, committed 2176K, reserved 1048576K
}
Event: 4.013 GC heap before
{Heap before GC invocations=7 (full 0):
 garbage-first heap   total 152576K, used 24513K [0x0000000084a00000, 0x0000000100000000)
  region size 1024K, 7 young (7168K), 1 survivors (1024K)
 Metaspace       used 20190K, committed 20480K, reserved 1114112K
  class space    used 2295K, committed 2432K, reserved 1048576K
}
Event: 4.016 GC heap after
{Heap after GC invocations=8 (full 0):
 garbage-first heap   total 152576K, used 20048K [0x0000000084a00000, 0x0000000100000000)
  region size 1024K, 1 young (1024K), 1 survivors (1024K)
 Metaspace       used 20190K, committed 20480K, reserved 1114112K
  class space    used 2295K, committed 2432K, reserved 1048576K
}
Event: 4.132 GC heap before
{Heap before GC invocations=8 (full 0):
 garbage-first heap   total 152576K, used 25168K [0x0000000084a00000, 0x0000000100000000)
  region size 1024K, 7 young (7168K), 1 survivors (1024K)
 Metaspace       used 20219K, committed 20480K, reserved 1114112K
  class space    used 2295K, committed 2432K, reserved 1048576K
}

